# JRE version: Java(TM) SE Runtime Environment (22.0.2+9) (build 22.0.2+9-70)
# Java VM: Java HotSpot(TM) 64-Bit Server VM (22.0.2+9-70, mixed mode, sharing, tiered, compressed oops, compressed class ptrs, g1 gc, windows-amd64)
GC Precious Log:
 CardTable entry size: 512
 Card Set container configuration: InlinePtr #cards 5 size 8 Array Of Cards #cards 12 size 40 Howl #buckets 4 coarsen threshold 1843 Howl Bitmap #cards 512 size 80 coarsen threshold 460 Card regions per heap region 1 cards per card region 2048
 CPUs: 2 total, 2 available
 Memory: 4086M
 Large Page Support: Disabled
 NUMA Support: Disabled
 Compressed Oops: Enabled (32-bit)
 Heap Region Size: 1M
 Heap Min Capacity: 8M
 Heap Initial Capacity: 64M
 Heap Max Capacity: 1022M
 Pre-touch: Disabled
 Parallel Workers: 2
 Concurrent Workers: 1
 Concurrent Refinement Workers: 2
 Periodic GC: Disabled
Heap:
 garbage-first heap   total reserved 1046528K, committed 65536K, used 20063K [0x00000000c0200000, 0x0000000100000000)
  region size 1024K, 17 young (17408K), 2 survivors (2048K)
 Metaspace       used 13605K, committed 13952K, reserved 1114112K
  class space    used 1780K, committed 1920K, reserved 1048576K
GC Heap History (6 events):
Event: 1.904 GC heap before
{Heap before GC invocations=0 (full 0):
 garbage-first heap   total reserved 1046528K, committed 65536K, used 7168K [0x00000000c0200000, 0x0000000100000000)
  region size 1024K, 7 young (7168K), 0 survivors (0K)
 Metaspace       used 1776K, committed 1920K, reserved 1114112K
  class space    used 190K, committed 256K, reserved 1048576K
}
Event: 1.915 GC heap after
{Heap after GC invocations=1 (full 0):
 garbage-first heap   total reserved 1046528K, committed 65536K, used 4654K [0x00000000c0200000, 0x0000000100000000)
  region size 1024K, 1 young (1024K), 1 survivors (1024K)
 Metaspace       used 1776K, committed 1920K, reserved 1114112K
  class space    used 190K, committed 256K, reserved 1048576K
}
Event: 2.678 GC heap before
{Heap before GC invocations=1 (full 0):
 garbage-first heap   total reserved 1046528K, committed 65536K, used 9774K [0x00000000c0200000, 0x0000000100000000)
  region size 1024K, 6 young (6144K), 1 survivors (1024K)
 Metaspace       used 3965K, committed 4096K, reserved 1114112K
  class space    used 491K, committed 512K, reserved 1048576K
}
Event: 2.688 GC heap after
{Heap after GC invocations=2 (full 0):
 garbage-first heap   total reserved 1046528K, committed 65536K, used 5592K [0x00000000c0200000, 0x0000000100000000)
  region size 1024K, 1 young (1024K), 1 survivors (1024K)
 Metaspace       used 3965K, committed 4096K, reserved 1114112K
  class space    used 491K, committed 512K, reserved 1048576K
}
Event: 5.120 GC heap before
{Heap before GC invocations=2 (full 0):
 garbage-first heap   total reserved 1046528K, committed 65536K, used 15832K [0x00000000c0200000, 0x0000000100000000)
  region size 1024K, 11 young (11264K), 1 survivors (1024K)
 Metaspace       used 7407K, committed 7744K, reserved 1114112K
  class space    used 1001K, committed 1152K, reserved 1048576K
}
Event: 5.133 GC heap after
{Heap after GC invocations=3 (full 0):
 garbage-first heap   total reserved 1046528K, committed 65536K, used 6751K [0x00000000c0200000, 0x0000000100000000)
  region size 1024K, 2 young (2048K), 2 survivors (2048K)
 Metaspace       used 7407K, committed 7744K, reserved 1114112K
  class space    used 1001K, committed 1152K, reserved 1048576K
}

